<?xml version="1.0" encoding="UTF-8"?>
<testsuite name="tuples.EqualsTest" tests="1" skipped="0" failures="0" errors="0" timestamp="2021-12-18T03:39:35" hostname="MLPLCH201SAJGH5" time="0.001">
  <properties/>
  <testcase name="tuple == tuple within error()" classname="tuples.EqualsTest" time="0.001"/>
  <system-out><![CDATA[]]></system-out>
  <system-err><![CDATA[]]></system-err>
</testsuite>
