<?xml version="1.0" encoding="UTF-8"?>
<testsuite name="vector.NormalizeTest" tests="1" skipped="0" failures="0" errors="0" timestamp="2021-12-18T04:10:49" hostname="MLPLCH201SAJGH5" time="0.02">
  <properties/>
  <testcase name="Normalize a vector()" classname="vector.NormalizeTest" time="0.02"/>
  <system-out><![CDATA[]]></system-out>
  <system-err><![CDATA[]]></system-err>
</testsuite>
