<?xml version="1.0" encoding="UTF-8"?>
<testsuite name="vector.DotProductTest" tests="1" skipped="0" failures="0" errors="0" timestamp="2021-12-18T04:16:53" hostname="MLPLCH201SAJGH5" time="0.021">
  <properties/>
  <testcase name="dot product()" classname="vector.DotProductTest" time="0.021"/>
  <system-out><![CDATA[]]></system-out>
  <system-err><![CDATA[]]></system-err>
</testsuite>
