<?xml version="1.0" encoding="UTF-8"?>
<testsuite name="projects.ProjectilesTest" tests="1" skipped="0" failures="0" errors="0" timestamp="2021-12-18T06:35:16" hostname="MLPLCH201SAJGH5" time="0.042">
  <properties/>
  <testcase name="projectiles()" classname="projects.ProjectilesTest" time="0.042"/>
  <system-out><![CDATA[Projectile(position=Point(x=0.0, y=1.0, z=0.0), velocity=Vector(x=0.7071067811865475, y=0.7071067811865475, z=0.0))
Projectile(position=Point(x=0.7071067811865475, y=1.7071067811865475, z=0.0), velocity=Vector(x=0.6971067811865475, y=0.6071067811865475, z=0.0))
Projectile(position=Point(x=1.404213562373095, y=2.314213562373095, z=0.0), velocity=Vector(x=0.6871067811865474, y=0.5071067811865475, z=0.0))
Projectile(position=Point(x=2.0913203435596426, y=2.821320343559642, z=0.0), velocity=Vector(x=0.6771067811865474, y=0.40710678118654753, z=0.0))
Projectile(position=Point(x=2.7684271247461902, y=3.2284271247461898, z=0.0), velocity=Vector(x=0.6671067811865474, y=0.30710678118654755, z=0.0))
Projectile(position=Point(x=3.4355339059327377, y=3.5355339059327373, z=0.0), velocity=Vector(x=0.6571067811865474, y=0.20710678118654754, z=0.0))
Projectile(position=Point(x=4.092640687119285, y=3.7426406871192848, z=0.0), velocity=Vector(x=0.6471067811865474, y=0.10710678118654754, z=0.0))
Projectile(position=Point(x=4.739747468305833, y=3.849747468305832, z=0.0), velocity=Vector(x=0.6371067811865474, y=0.007106781186547534, z=0.0))
Projectile(position=Point(x=5.37685424949238, y=3.85685424949238, z=0.0), velocity=Vector(x=0.6271067811865474, y=-0.09289321881345247, z=0.0))
Projectile(position=Point(x=6.003961030678928, y=3.7639610306789275, z=0.0), velocity=Vector(x=0.6171067811865474, y=-0.19289321881345248, z=0.0))
Projectile(position=Point(x=6.621067811865475, y=3.571067811865475, z=0.0), velocity=Vector(x=0.6071067811865474, y=-0.2928932188134525, z=0.0))
Projectile(position=Point(x=7.228174593052023, y=3.2781745930520225, z=0.0), velocity=Vector(x=0.5971067811865474, y=-0.3928932188134525, z=0.0))
Projectile(position=Point(x=7.82528137423857, y=2.88528137423857, z=0.0), velocity=Vector(x=0.5871067811865474, y=-0.4928932188134525, z=0.0))
Projectile(position=Point(x=8.412388155425118, y=2.3923881554251176, z=0.0), velocity=Vector(x=0.5771067811865473, y=-0.5928932188134525, z=0.0))
Projectile(position=Point(x=8.989494936611665, y=1.7994949366116653, z=0.0), velocity=Vector(x=0.5671067811865473, y=-0.6928932188134524, z=0.0))
Projectile(position=Point(x=9.556601717798213, y=1.1066017177982128, z=0.0), velocity=Vector(x=0.5571067811865473, y=-0.7928932188134524, z=0.0))
Projectile(position=Point(x=10.11370849898476, y=0.3137084989847604, z=0.0), velocity=Vector(x=0.5471067811865473, y=-0.8928932188134524, z=0.0))
Projectile(position=Point(x=10.660815280171308, y=-0.579184719828692, z=0.0), velocity=Vector(x=0.5371067811865473, y=-0.9928932188134524, z=0.0))
Projectile(position=Point(x=11.197922061357856, y=-1.5720779386421444, z=0.0), velocity=Vector(x=0.5271067811865473, y=-1.0928932188134524, z=0.0))
Projectile(position=Point(x=11.725028842544404, y=-2.6649711574555965, z=0.0), velocity=Vector(x=0.5171067811865473, y=-1.1928932188134524, z=0.0))
Projectile(position=Point(x=12.24213562373095, y=-3.857864376269049, z=0.0), velocity=Vector(x=0.5071067811865473, y=-1.2928932188134525, z=0.0))
Projectile(position=Point(x=12.749242404917497, y=-5.150757595082501, z=0.0), velocity=Vector(x=0.4971067811865473, y=-1.3928932188134526, z=0.0))
Projectile(position=Point(x=13.246349186104045, y=-6.543650813895954, z=0.0), velocity=Vector(x=0.48710678118654727, y=-1.4928932188134527, z=0.0))
Projectile(position=Point(x=13.733455967290592, y=-8.036544032709406, z=0.0), velocity=Vector(x=0.47710678118654726, y=-1.5928932188134528, z=0.0))
Projectile(position=Point(x=14.21056274847714, y=-9.629437251522859, z=0.0), velocity=Vector(x=0.46710678118654725, y=-1.692893218813453, z=0.0))
Projectile(position=Point(x=14.677669529663687, y=-11.322330470336311, z=0.0), velocity=Vector(x=0.45710678118654724, y=-1.792893218813453, z=0.0))
Projectile(position=Point(x=15.134776310850235, y=-13.115223689149765, z=0.0), velocity=Vector(x=0.44710678118654723, y=-1.892893218813453, z=0.0))
Projectile(position=Point(x=15.581883092036783, y=-15.008116907963219, z=0.0), velocity=Vector(x=0.4371067811865472, y=-1.9928932188134532, z=0.0))
Projectile(position=Point(x=16.01898987322333, y=-17.00101012677667, z=0.0), velocity=Vector(x=0.4271067811865472, y=-2.0928932188134532, z=0.0))
Projectile(position=Point(x=16.446096654409878, y=-19.093903345590125, z=0.0), velocity=Vector(x=0.4171067811865472, y=-2.1928932188134533, z=0.0))
Projectile(position=Point(x=16.863203435596425, y=-21.286796564403577, z=0.0), velocity=Vector(x=0.4071067811865472, y=-2.2928932188134534, z=0.0))
Projectile(position=Point(x=17.270310216782974, y=-23.57968978321703, z=0.0), velocity=Vector(x=0.3971067811865472, y=-2.3928932188134535, z=0.0))
Projectile(position=Point(x=17.66741699796952, y=-25.972583002030483, z=0.0), velocity=Vector(x=0.3871067811865472, y=-2.4928932188134536, z=0.0))
Projectile(position=Point(x=18.054523779156067, y=-28.465476220843936, z=0.0), velocity=Vector(x=0.37710678118654717, y=-2.5928932188134537, z=0.0))
Projectile(position=Point(x=18.431630560342615, y=-31.05836943965739, z=0.0), velocity=Vector(x=0.36710678118654716, y=-2.692893218813454, z=0.0))
Projectile(position=Point(x=18.79873734152916, y=-33.75126265847084, z=0.0), velocity=Vector(x=0.35710678118654715, y=-2.792893218813454, z=0.0))
Projectile(position=Point(x=19.15584412271571, y=-36.5441558772843, z=0.0), velocity=Vector(x=0.34710678118654714, y=-2.892893218813454, z=0.0))
Projectile(position=Point(x=19.502950903902256, y=-39.43704909609775, z=0.0), velocity=Vector(x=0.33710678118654713, y=-2.992893218813454, z=0.0))
Projectile(position=Point(x=19.840057685088805, y=-42.42994231491121, z=0.0), velocity=Vector(x=0.3271067811865471, y=-3.092893218813454, z=0.0))
Projectile(position=Point(x=20.167164466275352, y=-45.52283553372466, z=0.0), velocity=Vector(x=0.3171067811865471, y=-3.1928932188134542, z=0.0))
Projectile(position=Point(x=20.484271247461898, y=-48.71572875253811, z=0.0), velocity=Vector(x=0.3071067811865471, y=-3.2928932188134543, z=0.0))
Projectile(position=Point(x=20.791378028648445, y=-52.008621971351566, z=0.0), velocity=Vector(x=0.2971067811865471, y=-3.3928932188134544, z=0.0))
Projectile(position=Point(x=21.08848480983499, y=-55.40151519016502, z=0.0), velocity=Vector(x=0.2871067811865471, y=-3.4928932188134545, z=0.0))
Projectile(position=Point(x=21.37559159102154, y=-58.89440840897848, z=0.0), velocity=Vector(x=0.2771067811865471, y=-3.5928932188134546, z=0.0))
Projectile(position=Point(x=21.652698372208086, y=-62.487301627791936, z=0.0), velocity=Vector(x=0.26710678118654707, y=-3.6928932188134547, z=0.0))
Projectile(position=Point(x=21.919805153394634, y=-66.18019484660539, z=0.0), velocity=Vector(x=0.25710678118654706, y=-3.7928932188134548, z=0.0))
Projectile(position=Point(x=22.17691193458118, y=-69.97308806541885, z=0.0), velocity=Vector(x=0.24710678118654705, y=-3.892893218813455, z=0.0))
Projectile(position=Point(x=22.42401871576773, y=-73.8659812842323, z=0.0), velocity=Vector(x=0.23710678118654704, y=-3.992893218813455, z=0.0))
Projectile(position=Point(x=22.661125496954277, y=-77.85887450304575, z=0.0), velocity=Vector(x=0.22710678118654704, y=-4.092893218813455, z=0.0))
Projectile(position=Point(x=22.888232278140823, y=-81.95176772185921, z=0.0), velocity=Vector(x=0.21710678118654703, y=-4.192893218813454, z=0.0))
Projectile(position=Point(x=23.10533905932737, y=-86.14466094067267, z=0.0), velocity=Vector(x=0.20710678118654702, y=-4.292893218813454, z=0.0))
Projectile(position=Point(x=23.312445840513917, y=-90.43755415948613, z=0.0), velocity=Vector(x=0.197106781186547, y=-4.3928932188134535, z=0.0))
Projectile(position=Point(x=23.509552621700465, y=-94.83044737829958, z=0.0), velocity=Vector(x=0.187106781186547, y=-4.492893218813453, z=0.0))
Projectile(position=Point(x=23.69665940288701, y=-99.32334059711303, z=0.0), velocity=Vector(x=0.177106781186547, y=-4.592893218813453, z=0.0))
Projectile(position=Point(x=23.87376618407356, y=-103.91623381592649, z=0.0), velocity=Vector(x=0.16710678118654698, y=-4.6928932188134524, z=0.0))
Projectile(position=Point(x=24.040872965260107, y=-108.60912703473994, z=0.0), velocity=Vector(x=0.15710678118654697, y=-4.792893218813452, z=0.0))
Projectile(position=Point(x=24.197979746446652, y=-113.40202025355339, z=0.0), velocity=Vector(x=0.14710678118654696, y=-4.892893218813452, z=0.0))
Projectile(position=Point(x=24.3450865276332, y=-118.29491347236684, z=0.0), velocity=Vector(x=0.13710678118654696, y=-4.992893218813451, z=0.0))
Projectile(position=Point(x=24.482193308819745, y=-123.2878066911803, z=0.0), velocity=Vector(x=0.12710678118654695, y=-5.092893218813451, z=0.0))
Projectile(position=Point(x=24.609300090006293, y=-128.38069990999375, z=0.0), velocity=Vector(x=0.11710678118654695, y=-5.192893218813451, z=0.0))
Projectile(position=Point(x=24.72640687119284, y=-133.5735931288072, z=0.0), velocity=Vector(x=0.10710678118654696, y=-5.29289321881345, z=0.0))
Projectile(position=Point(x=24.833513652379388, y=-138.86648634762065, z=0.0), velocity=Vector(x=0.09710678118654696, y=-5.39289321881345, z=0.0))
Projectile(position=Point(x=24.930620433565934, y=-144.2593795664341, z=0.0), velocity=Vector(x=0.08710678118654697, y=-5.49289321881345, z=0.0))
Projectile(position=Point(x=25.017727214752483, y=-149.75227278524756, z=0.0), velocity=Vector(x=0.07710678118654697, y=-5.592893218813449, z=0.0))
Projectile(position=Point(x=25.09483399593903, y=-155.345166004061, z=0.0), velocity=Vector(x=0.06710678118654698, y=-5.692893218813449, z=0.0))
Projectile(position=Point(x=25.161940777125576, y=-161.03805922287447, z=0.0), velocity=Vector(x=0.057106781186546975, y=-5.7928932188134485, z=0.0))
Projectile(position=Point(x=25.219047558312123, y=-166.8309524416879, z=0.0), velocity=Vector(x=0.04710678118654697, y=-5.892893218813448, z=0.0))
Projectile(position=Point(x=25.26615433949867, y=-172.72384566050135, z=0.0), velocity=Vector(x=0.03710678118654697, y=-5.992893218813448, z=0.0))
Projectile(position=Point(x=25.303261120685217, y=-178.7167388793148, z=0.0), velocity=Vector(x=0.02710678118654697, y=-6.0928932188134475, z=0.0))
Projectile(position=Point(x=25.330367901871764, y=-184.80963209812825, z=0.0), velocity=Vector(x=0.017106781186546967, y=-6.192893218813447, z=0.0))
Projectile(position=Point(x=25.347474683058312, y=-191.0025253169417, z=0.0), velocity=Vector(x=0.007106781186546967, y=-6.292893218813447, z=0.0))
Projectile(position=Point(x=25.35458146424486, y=-197.29541853575515, z=0.0), velocity=Vector(x=-0.0028932188134530336, y=-6.392893218813446, z=0.0))
Projectile(position=Point(x=25.351688245431404, y=-203.6883117545686, z=0.0), velocity=Vector(x=-0.012893218813453034, y=-6.492893218813446, z=0.0))
Projectile(position=Point(x=25.33879502661795, y=-210.18120497338202, z=0.0), velocity=Vector(x=-0.022893218813453034, y=-6.592893218813446, z=0.0))
Projectile(position=Point(x=25.315901807804497, y=-216.77409819219548, z=0.0), velocity=Vector(x=-0.032893218813453036, y=-6.692893218813445, z=0.0))
Projectile(position=Point(x=25.283008588991045, y=-223.46699141100893, z=0.0), velocity=Vector(x=-0.04289321881345304, y=-6.792893218813445, z=0.0))
Projectile(position=Point(x=25.24011537017759, y=-230.25988462982238, z=0.0), velocity=Vector(x=-0.05289321881345304, y=-6.892893218813445, z=0.0))
Projectile(position=Point(x=25.18722215136414, y=-237.15277784863582, z=0.0), velocity=Vector(x=-0.06289321881345304, y=-6.992893218813444, z=0.0))
Projectile(position=Point(x=25.124328932550686, y=-244.14567106744926, z=0.0), velocity=Vector(x=-0.07289321881345304, y=-7.092893218813444, z=0.0))
Projectile(position=Point(x=25.051435713737234, y=-251.23856428626272, z=0.0), velocity=Vector(x=-0.08289321881345303, y=-7.192893218813444, z=0.0))
Projectile(position=Point(x=24.96854249492378, y=-258.43145750507614, z=0.0), velocity=Vector(x=-0.09289321881345303, y=-7.292893218813443, z=0.0))
Projectile(position=Point(x=24.875649276110327, y=-265.7243507238896, z=0.0), velocity=Vector(x=-0.10289321881345302, y=-7.392893218813443, z=0.0))
Projectile(position=Point(x=24.772756057296874, y=-273.11724394270306, z=0.0), velocity=Vector(x=-0.11289321881345302, y=-7.4928932188134425, z=0.0))
Projectile(position=Point(x=24.65986283848342, y=-280.6101371615165, z=0.0), velocity=Vector(x=-0.12289321881345301, y=-7.592893218813442, z=0.0))
Projectile(position=Point(x=24.536969619669968, y=-288.20303038032995, z=0.0), velocity=Vector(x=-0.132893218813453, y=-7.692893218813442, z=0.0))
Projectile(position=Point(x=24.404076400856514, y=-295.8959235991434, z=0.0), velocity=Vector(x=-0.14289321881345302, y=-7.792893218813441, z=0.0))
Projectile(position=Point(x=24.261183182043062, y=-303.6888168179568, z=0.0), velocity=Vector(x=-0.15289321881345302, y=-7.892893218813441, z=0.0))
Projectile(position=Point(x=24.10828996322961, y=-311.58171003677023, z=0.0), velocity=Vector(x=-0.16289321881345303, y=-7.992893218813441, z=0.0))
Projectile(position=Point(x=23.945396744416158, y=-319.57460325558367, z=0.0), velocity=Vector(x=-0.17289321881345304, y=-8.09289321881344, z=0.0))
Projectile(position=Point(x=23.772503525602705, y=-327.6674964743971, z=0.0), velocity=Vector(x=-0.18289321881345305, y=-8.19289321881344, z=0.0))
Projectile(position=Point(x=23.58961030678925, y=-335.86038969321055, z=0.0), velocity=Vector(x=-0.19289321881345306, y=-8.29289321881344, z=0.0))
Projectile(position=Point(x=23.396717087975798, y=-344.153282912024, z=0.0), velocity=Vector(x=-0.20289321881345307, y=-8.39289321881344, z=0.0))
Projectile(position=Point(x=23.193823869162344, y=-352.5461761308374, z=0.0), velocity=Vector(x=-0.21289321881345308, y=-8.492893218813439, z=0.0))
Projectile(position=Point(x=22.980930650348892, y=-361.03906934965084, z=0.0), velocity=Vector(x=-0.2228932188134531, y=-8.592893218813439, z=0.0))
Projectile(position=Point(x=22.75803743153544, y=-369.6319625684643, z=0.0), velocity=Vector(x=-0.2328932188134531, y=-8.692893218813438, z=0.0))
Projectile(position=Point(x=22.525144212721987, y=-378.3248557872777, z=0.0), velocity=Vector(x=-0.2428932188134531, y=-8.792893218813438, z=0.0))
Projectile(position=Point(x=22.282250993908534, y=-387.1177490060912, z=0.0), velocity=Vector(x=-0.2528932188134531, y=-8.892893218813438, z=0.0))
Projectile(position=Point(x=22.02935777509508, y=-396.0106422249046, z=0.0), velocity=Vector(x=-0.2628932188134531, y=-8.992893218813437, z=0.0))
Projectile(position=Point(x=21.766464556281626, y=-405.003535443718, z=0.0), velocity=Vector(x=-0.27289321881345313, y=-9.092893218813437, z=0.0))
Projectile(position=Point(x=21.493571337468172, y=-414.0964286625315, z=0.0), velocity=Vector(x=-0.28289321881345314, y=-9.192893218813436, z=0.0))
Projectile(position=Point(x=21.21067811865472, y=-423.2893218813449, z=0.0), velocity=Vector(x=-0.29289321881345315, y=-9.292893218813436, z=0.0))
Projectile(position=Point(x=20.917784899841266, y=-432.58221510015835, z=0.0), velocity=Vector(x=-0.30289321881345316, y=-9.392893218813436, z=0.0))
]]></system-out>
  <system-err><![CDATA[]]></system-err>
</testsuite>
