<?xml version="1.0" encoding="UTF-8"?>
<testsuite name="tuples.TupleTest" tests="4" skipped="0" failures="0" errors="0" timestamp="2021-12-18T03:39:35" hostname="MLPLCH201SAJGH5" time="0.003">
  <properties/>
  <testcase name="A tuple with w = 1 is a point()" classname="tuples.TupleTest" time="0.001"/>
  <testcase name="A vector is a tuple with w = 0()" classname="tuples.TupleTest" time="0.0"/>
  <testcase name="A tuple with w = 0 is a vector()" classname="tuples.TupleTest" time="0.001"/>
  <testcase name="A point is a tuple with w = 1()" classname="tuples.TupleTest" time="0.0"/>
  <system-out><![CDATA[]]></system-out>
  <system-err><![CDATA[]]></system-err>
</testsuite>
