<?xml version="1.0" encoding="UTF-8"?>
<testsuite name="tuples.NegationTest" tests="4" skipped="0" failures="0" errors="0" timestamp="2021-12-18T03:39:35" hostname="MLPLCH201SAJGH5" time="0.003">
  <properties/>
  <testcase name="-tVector()" classname="tuples.NegationTest" time="0.001"/>
  <testcase name="-tPoint()" classname="tuples.NegationTest" time="0.001"/>
  <testcase name="-vector()" classname="tuples.NegationTest" time="0.0"/>
  <testcase name="-point()" classname="tuples.NegationTest" time="0.0"/>
  <system-out><![CDATA[]]></system-out>
  <system-err><![CDATA[]]></system-err>
</testsuite>
