<?xml version="1.0" encoding="UTF-8"?>
<testsuite name="tuple.NegationTest" tests="4" skipped="0" failures="0" errors="0" timestamp="2021-12-18T21:02:14" hostname="mrybak834-Z590I-AORUS-ULTRA" time="0.001">
  <properties/>
  <testcase name="-tVector()" classname="tuple.NegationTest" time="0.0"/>
  <testcase name="-tPoint()" classname="tuple.NegationTest" time="0.0"/>
  <testcase name="-vector()" classname="tuple.NegationTest" time="0.0"/>
  <testcase name="-point()" classname="tuple.NegationTest" time="0.0"/>
  <system-out><![CDATA[]]></system-out>
  <system-err><![CDATA[]]></system-err>
</testsuite>
