<?xml version="1.0" encoding="UTF-8"?>
<testsuite name="canvas.CanvasTest" tests="1" skipped="0" failures="0" errors="0" timestamp="2021-12-19T00:48:09" hostname="mrybak834-Z590I-AORUS-ULTRA" time="0.011">
  <properties/>
  <testcase name="Set pixel()" classname="canvas.CanvasTest" time="0.011"/>
  <system-out><![CDATA[]]></system-out>
  <system-err><![CDATA[]]></system-err>
</testsuite>
