<?xml version="1.0" encoding="UTF-8"?>
<testsuite name="tuple.DivisionTest" tests="8" skipped="0" failures="0" errors="0" timestamp="2021-12-18T21:02:14" hostname="mrybak834-Z590I-AORUS-ULTRA" time="0.004">
  <properties/>
  <testcase name="tVector div scalar = tVector()" classname="tuple.DivisionTest" time="0.0"/>
  <testcase name="scalar div point = point()" classname="tuple.DivisionTest" time="0.0"/>
  <testcase name="vector div scalar = vector()" classname="tuple.DivisionTest" time="0.0"/>
  <testcase name="point div scalar = point()" classname="tuple.DivisionTest" time="0.0"/>
  <testcase name="scalar div tVector = tVector()" classname="tuple.DivisionTest" time="0.0"/>
  <testcase name="scalar div tPoint = tPoint()" classname="tuple.DivisionTest" time="0.001"/>
  <testcase name="tPoint div scalar = tPoint()" classname="tuple.DivisionTest" time="0.0"/>
  <testcase name="scalar div vector = vector()" classname="tuple.DivisionTest" time="0.001"/>
  <system-out><![CDATA[]]></system-out>
  <system-err><![CDATA[]]></system-err>
</testsuite>
