<?xml version="1.0" encoding="UTF-8"?>
<testsuite name="tuples.SubtractionTest" tests="8" skipped="0" failures="0" errors="0" timestamp="2021-12-18T03:39:35" hostname="MLPLCH201SAJGH5" time="0.007">
  <properties/>
  <testcase name="tVector - tVector = tVector()" classname="tuples.SubtractionTest" time="0.0"/>
  <testcase name="ERROR vector - point()" classname="tuples.SubtractionTest" time="0.001"/>
  <testcase name="ERROR tVector - tPoint()" classname="tuples.SubtractionTest" time="0.001"/>
  <testcase name="tPoint - tPoint = tVector()" classname="tuples.SubtractionTest" time="0.0"/>
  <testcase name="tPoint - tVector = tPoint()" classname="tuples.SubtractionTest" time="0.001"/>
  <testcase name="point - vector = point()" classname="tuples.SubtractionTest" time="0.0"/>
  <testcase name="vector - vector = vector()" classname="tuples.SubtractionTest" time="0.001"/>
  <testcase name="point - point = vector()" classname="tuples.SubtractionTest" time="0.0"/>
  <system-out><![CDATA[]]></system-out>
  <system-err><![CDATA[]]></system-err>
</testsuite>
