<?xml version="1.0" encoding="UTF-8"?>
<testsuite name="TupleTest" tests="4" skipped="0" failures="0" errors="0" timestamp="2021-12-18T01:03:39" hostname="MLPLCH201SAJGH5" time="0.024">
  <properties/>
  <testcase name="A tuple with w = 1 is a point()" classname="TupleTest" time="0.019"/>
  <testcase name="A vector is a tuple with w = 0()" classname="TupleTest" time="0.003"/>
  <testcase name="A tuple with w = 0 is a vector()" classname="TupleTest" time="0.001"/>
  <testcase name="A point is a tuple with w = 1()" classname="TupleTest" time="0.001"/>
  <system-out><![CDATA[]]></system-out>
  <system-err><![CDATA[]]></system-err>
</testsuite>
