<?xml version="1.0" encoding="UTF-8"?>
<testsuite name="MultiplicationTest" tests="4" skipped="0" failures="0" errors="0" timestamp="2021-12-18T03:37:39" hostname="MLPLCH201SAJGH5" time="0.003">
  <properties/>
  <testcase name="point x scalar()" classname="MultiplicationTest" time="0.0"/>
  <testcase name="tVector x scalar = tVector()" classname="MultiplicationTest" time="0.0"/>
  <testcase name="vector x scalar = vector()" classname="MultiplicationTest" time="0.001"/>
  <testcase name="tPoint x scalar()" classname="MultiplicationTest" time="0.0"/>
  <system-out><![CDATA[]]></system-out>
  <system-err><![CDATA[]]></system-err>
</testsuite>
