<?xml version="1.0" encoding="UTF-8"?>
<testsuite name="tuple.AdditionTest" tests="7" skipped="0" failures="0" errors="0" timestamp="2021-12-18T21:02:14" hostname="mrybak834-Z590I-AORUS-ULTRA" time="0.003">
  <properties/>
  <testcase name="vector + vector = vector()" classname="tuple.AdditionTest" time="0.0"/>
  <testcase name="ERROR point + point()" classname="tuple.AdditionTest" time="0.0"/>
  <testcase name="tVector + tVector = tVector()" classname="tuple.AdditionTest" time="0.001"/>
  <testcase name="ERROR tPoint + tPoint()" classname="tuple.AdditionTest" time="0.0"/>
  <testcase name="vector + point = point()" classname="tuple.AdditionTest" time="0.001"/>
  <testcase name="point + vector = point()" classname="tuple.AdditionTest" time="0.0"/>
  <testcase name="tPoint + tVector = tPoint()" classname="tuple.AdditionTest" time="0.0"/>
  <system-out><![CDATA[]]></system-out>
  <system-err><![CDATA[]]></system-err>
</testsuite>
