<?xml version="1.0" encoding="UTF-8"?>
<testsuite name="projects.ProjectilesTest" tests="1" skipped="0" failures="0" errors="0" timestamp="2021-12-19T06:49:36" hostname="mrybak834-Z590I-AORUS-ULTRA" time="0.15">
  <properties/>
  <testcase name="projectiles drawn()" classname="projects.ProjectilesTest" time="0.15"/>
  <system-out><![CDATA[Position after 1 ticks: Point(x=5.463482975759611, y=10.834269356367301, z=0.0)
Position after 2 ticks: Point(x=10.916965951519222, y=20.5685387127346, z=0.0)
Position after 3 ticks: Point(x=16.36044892727883, y=30.202808069101902, z=0.0)
Position after 4 ticks: Point(x=21.79393190303844, y=39.7370774254692, z=0.0)
Position after 5 ticks: Point(x=27.217414878798053, y=49.171346781836505, z=0.0)
Position after 6 ticks: Point(x=32.63089785455767, y=58.505616138203806, z=0.0)
Position after 7 ticks: Point(x=38.034380830317275, y=67.73988549457111, z=0.0)
Position after 8 ticks: Point(x=43.427863806076886, y=76.87415485093841, z=0.0)
Position after 9 ticks: Point(x=48.8113467818365, y=85.90842420730571, z=0.0)
Position after 10 ticks: Point(x=54.18482975759611, y=94.84269356367302, z=0.0)
Position after 11 ticks: Point(x=59.54831273335573, y=103.67696292004032, z=0.0)
Position after 12 ticks: Point(x=64.90179570911535, y=112.41123227640763, z=0.0)
Position after 13 ticks: Point(x=70.24527868487496, y=121.04550163277494, z=0.0)
Position after 14 ticks: Point(x=75.57876166063457, y=129.57977098914225, z=0.0)
Position after 15 ticks: Point(x=80.90224463639419, y=138.01404034550956, z=0.0)
Position after 16 ticks: Point(x=86.2157276121538, y=146.34830970187687, z=0.0)
Position after 17 ticks: Point(x=91.51921058791342, y=154.58257905824416, z=0.0)
Position after 18 ticks: Point(x=96.81269356367304, y=162.71684841461146, z=0.0)
Position after 19 ticks: Point(x=102.09617653943265, y=170.75111777097877, z=0.0)
Position after 20 ticks: Point(x=107.36965951519227, y=178.68538712734608, z=0.0)
Position after 21 ticks: Point(x=112.63314249095188, y=186.5196564837134, z=0.0)
Position after 22 ticks: Point(x=117.8866254667115, y=194.2539258400807, z=0.0)
Position after 23 ticks: Point(x=123.13010844247111, y=201.888195196448, z=0.0)
Position after 24 ticks: Point(x=128.36359141823073, y=209.4224645528153, z=0.0)
Position after 25 ticks: Point(x=133.58707439399035, y=216.85673390918262, z=0.0)
Position after 26 ticks: Point(x=138.80055736974995, y=224.19100326554994, z=0.0)
Position after 27 ticks: Point(x=144.00404034550957, y=231.42527262191726, z=0.0)
Position after 28 ticks: Point(x=149.1975233212692, y=238.55954197828456, z=0.0)
Position after 29 ticks: Point(x=154.38100629702882, y=245.59381133465186, z=0.0)
Position after 30 ticks: Point(x=159.55448927278843, y=252.52808069101917, z=0.0)
Position after 31 ticks: Point(x=164.71797224854805, y=259.3623500473865, z=0.0)
Position after 32 ticks: Point(x=169.87145522430768, y=266.0966194037538, z=0.0)
Position after 33 ticks: Point(x=175.0149382000673, y=272.7308887601211, z=0.0)
Position after 34 ticks: Point(x=180.1484211758269, y=279.2651581164884, z=0.0)
Position after 35 ticks: Point(x=185.27190415158654, y=285.69942747285575, z=0.0)
Position after 36 ticks: Point(x=190.38538712734615, y=292.03369682922306, z=0.0)
Position after 37 ticks: Point(x=195.48887010310577, y=298.26796618559035, z=0.0)
Position after 38 ticks: Point(x=200.5823530788654, y=304.4022355419577, z=0.0)
Position after 39 ticks: Point(x=205.665836054625, y=310.436504898325, z=0.0)
Position after 40 ticks: Point(x=210.73931903038462, y=316.3707742546923, z=0.0)
Position after 41 ticks: Point(x=215.80280200614425, y=322.20504361105964, z=0.0)
Position after 42 ticks: Point(x=220.85628498190385, y=327.93931296742693, z=0.0)
Position after 43 ticks: Point(x=225.89976795766347, y=333.57358232379426, z=0.0)
Position after 44 ticks: Point(x=230.9332509334231, y=339.10785168016156, z=0.0)
Position after 45 ticks: Point(x=235.95673390918273, y=344.5421210365289, z=0.0)
Position after 46 ticks: Point(x=240.97021688494235, y=349.8763903928962, z=0.0)
Position after 47 ticks: Point(x=245.97369986070197, y=355.1106597492635, z=0.0)
Position after 48 ticks: Point(x=250.9671828364616, y=360.24492910563083, z=0.0)
Position after 49 ticks: Point(x=255.95066581222122, y=365.27919846199813, z=0.0)
Position after 50 ticks: Point(x=260.9241487879808, y=370.2134678183655, z=0.0)
Position after 51 ticks: Point(x=265.88763176374044, y=375.0477371747328, z=0.0)
Position after 52 ticks: Point(x=270.8411147395001, y=379.7820065311001, z=0.0)
Position after 53 ticks: Point(x=275.7845977152597, y=384.4162758874674, z=0.0)
Position after 54 ticks: Point(x=280.7180806910193, y=388.9505452438347, z=0.0)
Position after 55 ticks: Point(x=285.6415636667789, y=393.38481460020205, z=0.0)
Position after 56 ticks: Point(x=290.5550466425385, y=397.71908395656936, z=0.0)
Position after 57 ticks: Point(x=295.45852961829814, y=401.95335331293666, z=0.0)
Position after 58 ticks: Point(x=300.3520125940578, y=406.087622669304, z=0.0)
Position after 59 ticks: Point(x=305.23549556981743, y=410.1218920256713, z=0.0)
Position after 60 ticks: Point(x=310.10897854557703, y=414.0561613820386, z=0.0)
Position after 61 ticks: Point(x=314.97246152133664, y=417.89043073840594, z=0.0)
Position after 62 ticks: Point(x=319.82594449709626, y=421.6247000947733, z=0.0)
Position after 63 ticks: Point(x=324.6694274728559, y=425.2589694511406, z=0.0)
Position after 64 ticks: Point(x=329.5029104486155, y=428.7932388075079, z=0.0)
Position after 65 ticks: Point(x=334.32639342437517, y=432.22750816387526, z=0.0)
Position after 66 ticks: Point(x=339.13987640013477, y=435.5617775202426, z=0.0)
Position after 67 ticks: Point(x=343.9433593758944, y=438.7960468766099, z=0.0)
Position after 68 ticks: Point(x=348.736842351654, y=441.93031623297725, z=0.0)
Position after 69 ticks: Point(x=353.5203253274136, y=444.96458558934455, z=0.0)
Position after 70 ticks: Point(x=358.29380830317325, y=447.8988549457119, z=0.0)
Position after 71 ticks: Point(x=363.0572912789329, y=450.7331243020792, z=0.0)
Position after 72 ticks: Point(x=367.81077425469255, y=453.4673936584465, z=0.0)
Position after 73 ticks: Point(x=372.55425723045215, y=456.1016630148138, z=0.0)
Position after 74 ticks: Point(x=377.28774020621177, y=458.6359323711811, z=0.0)
Position after 75 ticks: Point(x=382.0112231819714, y=461.07020172754846, z=0.0)
Position after 76 ticks: Point(x=386.724706157731, y=463.4044710839158, z=0.0)
Position after 77 ticks: Point(x=391.42818913349066, y=465.6387404402831, z=0.0)
Position after 78 ticks: Point(x=396.1216721092503, y=467.7730097966504, z=0.0)
Position after 79 ticks: Point(x=400.8051550850099, y=469.8072791530177, z=0.0)
Position after 80 ticks: Point(x=405.4786380607695, y=471.74154850938504, z=0.0)
Position after 81 ticks: Point(x=410.14212103652915, y=473.57581786575236, z=0.0)
Position after 82 ticks: Point(x=414.7956040122888, y=475.31008722211965, z=0.0)
Position after 83 ticks: Point(x=419.4390869880484, y=476.944356578487, z=0.0)
Position after 84 ticks: Point(x=424.07256996380806, y=478.4786259348543, z=0.0)
Position after 85 ticks: Point(x=428.6960529395677, y=479.9128952912216, z=0.0)
Position after 86 ticks: Point(x=433.30953591532733, y=481.24716464758893, z=0.0)
Position after 87 ticks: Point(x=437.91301889108695, y=482.4814340039562, z=0.0)
Position after 88 ticks: Point(x=442.5065018668466, y=483.61570336032355, z=0.0)
Position after 89 ticks: Point(x=447.0899848426062, y=484.64997271669085, z=0.0)
Position after 90 ticks: Point(x=451.66346781836586, y=485.5842420730582, z=0.0)
Position after 91 ticks: Point(x=456.2269507941255, y=486.4185114294255, z=0.0)
Position after 92 ticks: Point(x=460.7804337698851, y=487.1527807857928, z=0.0)
Position after 93 ticks: Point(x=465.32391674564474, y=487.7870501421601, z=0.0)
Position after 94 ticks: Point(x=469.85739972140436, y=488.32131949852743, z=0.0)
Position after 95 ticks: Point(x=474.380882697164, y=488.75558885489477, z=0.0)
Position after 96 ticks: Point(x=478.89436567292364, y=489.0898582112621, z=0.0)
Position after 97 ticks: Point(x=483.3978486486833, y=489.3241275676294, z=0.0)
Position after 98 ticks: Point(x=487.8913316244429, y=489.4583969239967, z=0.0)
Position after 99 ticks: Point(x=492.3748146002025, y=489.492666280364, z=0.0)
Position after 100 ticks: Point(x=496.84829757596214, y=489.42693563673134, z=0.0)
Position after 101 ticks: Point(x=501.31178055172177, y=489.26120499309866, z=0.0)
Position after 102 ticks: Point(x=505.7652635274814, y=488.99547434946595, z=0.0)
Position after 103 ticks: Point(x=510.20874650324106, y=488.6297437058333, z=0.0)
Position after 104 ticks: Point(x=514.6422294790007, y=488.1640130622006, z=0.0)
Position after 105 ticks: Point(x=519.0657124547603, y=487.5982824185679, z=0.0)
Position after 106 ticks: Point(x=523.4791954305199, y=486.93255177493523, z=0.0)
Position after 107 ticks: Point(x=527.8826784062795, y=486.1668211313025, z=0.0)
Position after 108 ticks: Point(x=532.2761613820392, y=485.30109048766985, z=0.0)
Position after 109 ticks: Point(x=536.6596443577988, y=484.33535984403716, z=0.0)
Position after 110 ticks: Point(x=541.0331273335585, y=483.2696292004045, z=0.0)
Position after 111 ticks: Point(x=545.3966103093181, y=482.1038985567718, z=0.0)
Position after 112 ticks: Point(x=549.7500932850778, y=480.8381679131391, z=0.0)
Position after 113 ticks: Point(x=554.0935762608375, y=479.47243726950643, z=0.0)
Position after 114 ticks: Point(x=558.4270592365971, y=478.00670662587373, z=0.0)
Position after 115 ticks: Point(x=562.7505422123567, y=476.44097598224107, z=0.0)
Position after 116 ticks: Point(x=567.0640251881163, y=474.7752453386084, z=0.0)
Position after 117 ticks: Point(x=571.3675081638759, y=473.0095146949757, z=0.0)
Position after 118 ticks: Point(x=575.6609911396355, y=471.143784051343, z=0.0)
Position after 119 ticks: Point(x=579.9444741153951, y=469.1780534077103, z=0.0)
Position after 120 ticks: Point(x=584.2179570911547, y=467.11232276407765, z=0.0)
Position after 121 ticks: Point(x=588.4814400669144, y=464.94659212044496, z=0.0)
Position after 122 ticks: Point(x=592.734923042674, y=462.68086147681225, z=0.0)
Position after 123 ticks: Point(x=596.9784060184337, y=460.3151308331796, z=0.0)
Position after 124 ticks: Point(x=601.2118889941934, y=457.8494001895469, z=0.0)
Position after 125 ticks: Point(x=605.435371969953, y=455.2836695459142, z=0.0)
Position after 126 ticks: Point(x=609.6488549457127, y=452.61793890228154, z=0.0)
Position after 127 ticks: Point(x=613.8523379214723, y=449.85220825864883, z=0.0)
Position after 128 ticks: Point(x=618.0458208972319, y=446.98647761501616, z=0.0)
Position after 129 ticks: Point(x=622.2293038729915, y=444.02074697138346, z=0.0)
Position after 130 ticks: Point(x=626.4027868487511, y=440.9550163277508, z=0.0)
Position after 131 ticks: Point(x=630.5662698245108, y=437.7892856841181, z=0.0)
Position after 132 ticks: Point(x=634.7197528002704, y=434.5235550404854, z=0.0)
Position after 133 ticks: Point(x=638.86323577603, y=431.15782439685273, z=0.0)
Position after 134 ticks: Point(x=642.9967187517897, y=427.69209375322004, z=0.0)
Position after 135 ticks: Point(x=647.1202017275493, y=424.1263631095874, z=0.0)
Position after 136 ticks: Point(x=651.233684703309, y=420.4606324659547, z=0.0)
Position after 137 ticks: Point(x=655.3371676790687, y=416.694901822322, z=0.0)
Position after 138 ticks: Point(x=659.4306506548284, y=412.8291711786893, z=0.0)
Position after 139 ticks: Point(x=663.514133630588, y=408.8634405350566, z=0.0)
Position after 140 ticks: Point(x=667.5876166063476, y=404.79770989142395, z=0.0)
Position after 141 ticks: Point(x=671.6510995821072, y=400.63197924779126, z=0.0)
Position after 142 ticks: Point(x=675.7045825578668, y=396.36624860415856, z=0.0)
Position after 143 ticks: Point(x=679.7480655336265, y=392.0005179605259, z=0.0)
Position after 144 ticks: Point(x=683.7815485093861, y=387.5347873168932, z=0.0)
Position after 145 ticks: Point(x=687.8050314851457, y=382.9690566732605, z=0.0)
Position after 146 ticks: Point(x=691.8185144609054, y=378.30332602962784, z=0.0)
Position after 147 ticks: Point(x=695.821997436665, y=373.53759538599513, z=0.0)
Position after 148 ticks: Point(x=699.8154804124247, y=368.67186474236246, z=0.0)
Position after 149 ticks: Point(x=703.7989633881843, y=363.70613409872976, z=0.0)
Position after 150 ticks: Point(x=707.772446363944, y=358.6404034550971, z=0.0)
Position after 151 ticks: Point(x=711.7359293397037, y=353.4746728114644, z=0.0)
Position after 152 ticks: Point(x=715.6894123154634, y=348.20894216783176, z=0.0)
Position after 153 ticks: Point(x=719.632895291223, y=342.8432115241991, z=0.0)
Position after 154 ticks: Point(x=723.5663782669826, y=337.3774808805664, z=0.0)
Position after 155 ticks: Point(x=727.4898612427422, y=331.81175023693373, z=0.0)
Position after 156 ticks: Point(x=731.4033442185018, y=326.14601959330105, z=0.0)
Position after 157 ticks: Point(x=735.3068271942615, y=320.3802889496684, z=0.0)
Position after 158 ticks: Point(x=739.2003101700211, y=314.5145583060357, z=0.0)
Position after 159 ticks: Point(x=743.0837931457808, y=308.548827662403, z=0.0)
Position after 160 ticks: Point(x=746.9572761215404, y=302.48309701877037, z=0.0)
Position after 161 ticks: Point(x=750.8207590973001, y=296.3173663751377, z=0.0)
Position after 162 ticks: Point(x=754.6742420730598, y=290.05163573150503, z=0.0)
Position after 163 ticks: Point(x=758.5177250488194, y=283.68590508787236, z=0.0)
Position after 164 ticks: Point(x=762.3512080245791, y=277.22017444423966, z=0.0)
Position after 165 ticks: Point(x=766.1746910003387, y=270.654443800607, z=0.0)
Position after 166 ticks: Point(x=769.9881739760983, y=263.9887131569743, z=0.0)
Position after 167 ticks: Point(x=773.7916569518579, y=257.22298251334166, z=0.0)
Position after 168 ticks: Point(x=777.5851399276175, y=250.357251869709, z=0.0)
Position after 169 ticks: Point(x=781.3686229033772, y=243.39152122607632, z=0.0)
Position after 170 ticks: Point(x=785.1421058791368, y=236.32579058244366, z=0.0)
Position after 171 ticks: Point(x=788.9055888548965, y=229.16005993881097, z=0.0)
Position after 172 ticks: Point(x=792.6590718306561, y=221.8943292951783, z=0.0)
Position after 173 ticks: Point(x=796.4025548064158, y=214.52859865154562, z=0.0)
Position after 174 ticks: Point(x=800.1360377821754, y=207.06286800791295, z=0.0)
Position after 175 ticks: Point(x=803.8595207579351, y=199.4971373642803, z=0.0)
Position after 176 ticks: Point(x=807.5730037336948, y=191.83140672064764, z=0.0)
Position after 177 ticks: Point(x=811.2764867094545, y=184.06567607701496, z=0.0)
Position after 178 ticks: Point(x=814.9699696852141, y=176.19994543338228, z=0.0)
Position after 179 ticks: Point(x=818.6534526609737, y=168.23421478974961, z=0.0)
Position after 180 ticks: Point(x=822.3269356367333, y=160.16848414611695, z=0.0)
Position after 181 ticks: Point(x=825.9904186124929, y=152.0027535024843, z=0.0)
Position after 182 ticks: Point(x=829.6439015882526, y=143.73702285885162, z=0.0)
Position after 183 ticks: Point(x=833.2873845640122, y=135.37129221521894, z=0.0)
Position after 184 ticks: Point(x=836.9208675397718, y=126.90556157158628, z=0.0)
Position after 185 ticks: Point(x=840.5443505155315, y=118.33983092795361, z=0.0)
Position after 186 ticks: Point(x=844.1578334912912, y=109.67410028432094, z=0.0)
Position after 187 ticks: Point(x=847.7613164670508, y=100.90836964068828, z=0.0)
Position after 188 ticks: Point(x=851.3547994428105, y=92.0426389970556, z=0.0)
Position after 189 ticks: Point(x=854.9382824185702, y=83.07690835342294, z=0.0)
Position after 190 ticks: Point(x=858.5117653943299, y=74.01117770979027, z=0.0)
Position after 191 ticks: Point(x=862.0752483700895, y=64.8454470661576, z=0.0)
Position after 192 ticks: Point(x=865.6287313458491, y=55.57971642252494, z=0.0)
Position after 193 ticks: Point(x=869.1722143216087, y=46.21398577889227, z=0.0)
Position after 194 ticks: Point(x=872.7056972973684, y=36.74825513525961, z=0.0)
Position after 195 ticks: Point(x=876.229180273128, y=27.18252449162695, z=0.0)
Position after 196 ticks: Point(x=879.7426632488877, y=17.516793847994286, z=0.0)
Position after 197 ticks: Point(x=883.2461462246473, y=7.751063204361623, z=0.0)
Error: pixel out of bounds
Position after 198 ticks: Point(x=886.739629200407, y=-2.11466743927104, z=0.0)
]]></system-out>
  <system-err><![CDATA[]]></system-err>
</testsuite>
