<?xml version="1.0" encoding="UTF-8"?>
<testsuite name="projects.ProjectilesTest" tests="1" skipped="0" failures="0" errors="0" timestamp="2021-12-18T06:56:37" hostname="MLPLCH201SAJGH5" time="0.021">
  <properties/>
  <testcase name="projectiles()" classname="projects.ProjectilesTest" time="0.021"/>
  <system-out><![CDATA[Position after 1 ticks: Point(x=0.31622776601683794, y=1.9486832980505138, z=0.0)
Position after 2 ticks: Point(x=0.6224555320336759, y=2.2973665961010274, z=0.0)
Position after 3 ticks: Point(x=0.9186832980505137, y=2.0460498941515413, z=0.0)
Position after 4 ticks: Point(x=1.2049110640673517, y=1.194733192202055, z=0.0)
Position after 5 ticks: Point(x=1.4811388300841897, y=-0.25658350974743116, z=0.0)
]]></system-out>
  <system-err><![CDATA[]]></system-err>
</testsuite>
