<?xml version="1.0" encoding="UTF-8"?>
<testsuite name="tuple.TupleTest" tests="4" skipped="0" failures="0" errors="0" timestamp="2021-12-18T21:02:14" hostname="mrybak834-Z590I-AORUS-ULTRA" time="0.011">
  <properties/>
  <testcase name="A tuple with w = 1 is a point()" classname="tuple.TupleTest" time="0.009"/>
  <testcase name="A vector is a tuple with w = 0()" classname="tuple.TupleTest" time="0.001"/>
  <testcase name="A tuple with w = 0 is a vector()" classname="tuple.TupleTest" time="0.0"/>
  <testcase name="A point is a tuple with w = 1()" classname="tuple.TupleTest" time="0.001"/>
  <system-out><![CDATA[]]></system-out>
  <system-err><![CDATA[]]></system-err>
</testsuite>
