<?xml version="1.0" encoding="UTF-8"?>
<testsuite name="tuple.MultiplicationTest" tests="4" skipped="0" failures="0" errors="0" timestamp="2021-12-18T21:02:14" hostname="mrybak834-Z590I-AORUS-ULTRA" time="0.001">
  <properties/>
  <testcase name="point x scalar()" classname="tuple.MultiplicationTest" time="0.0"/>
  <testcase name="tVector x scalar = tVector()" classname="tuple.MultiplicationTest" time="0.001"/>
  <testcase name="vector x scalar = vector()" classname="tuple.MultiplicationTest" time="0.0"/>
  <testcase name="tPoint x scalar()" classname="tuple.MultiplicationTest" time="0.0"/>
  <system-out><![CDATA[]]></system-out>
  <system-err><![CDATA[]]></system-err>
</testsuite>
