<?xml version="1.0" encoding="UTF-8"?>
<testsuite name="canvas.PPMTest" tests="1" skipped="0" failures="0" errors="0" timestamp="2021-12-19T03:02:28" hostname="mrybak834-Z590I-AORUS-ULTRA" time="0.037">
  <properties/>
  <testcase name="PPM lines must be under 70 characters()" classname="canvas.PPMTest" time="0.037"/>
  <system-out><![CDATA[P3
10 2
255
255 204 153 255 204 153 255 204 153 255 204 153 255 204 153 255 204
255 204 153 255 204 153 255 204 153 255 204 153
255 204 153 255 204 153 255 204 153 255 204 153 255 204 153 255 204
255 204 153 255 204 153 255 204 153 255 204 153
]]></system-out>
  <system-err><![CDATA[]]></system-err>
</testsuite>
